<?xml version="1.0" encoding="UTF-8"?>
<!-- Generated by org.testng.reporters.JUnitReportReporter -->
<testsuite hostname="DESKTOP-27LHT3K" failures="0" tests="1" name="testCases.T03_regeistrationpageValidation" time="10.690" errors="0" timestamp="2020-12-30T17:32:42 EST" skipped="0">
  <testcase classname="testCases.T03_regeistrationpageValidation" name="registerpageopensucssesfully" time="10.690"/>
  <system-out/>
</testsuite> <!-- testCases.T03_regeistrationpageValidation -->
