<?xml version="1.0" encoding="UTF-8"?>
<!-- Generated by org.testng.reporters.JUnitReportReporter -->
<testsuite hostname="DESKTOP-27LHT3K" failures="0" tests="1" name="testCases.T01_homepageValidation" time="12.083" errors="0" timestamp="2021-01-12T10:29:41 EST" skipped="0">
  <testcase classname="testCases.T01_homepageValidation" name="homepageValidation" time="12.083"/>
  <system-out/>
</testsuite> <!-- testCases.T01_homepageValidation -->
